<?xml version="1.0" encoding="UTF-8"?>
<testsuite name="com.laundry.lms.LaundryManagementSystemApplicationTests" tests="1" skipped="0" failures="0" errors="0" timestamp="2026-01-04T08:54:16.208Z" hostname="Mac.lan" time="0.222">
  <properties/>
  <testcase name="contextLoads()" classname="com.laundry.lms.LaundryManagementSystemApplicationTests" time="0.222"/>
  <system-out><![CDATA[
  .   ____          _            __ _ _
 /\\ / ___'_ __ _ _(_)_ __  __ _ \ \ \ \
( ( )\___ | '_ | '_| | '_ \/ _` | \ \ \ \
 \\/  ___)| |_)| | | | | || (_| |  ) ) ) )
  '  |____| .__|_| |_|_| |_\__, | / / / /
 =========|_|==============|___/=/_/_/_/

 :: Spring Boot ::                (v3.5.6)

2026-01-04T14:24:13.483+05:30  INFO 10000 --- [SmartFold Laundry Management System] [    Test worker] .LaundryManagementSystemApplicationTests : Starting LaundryManagementSystemApplicationTests using Java 17.0.17 with PID 10000 (started by sahansandaruwan in /Users/sahansandaruwan/Documents/Github/Laundry-Management-System-WEB)
2026-01-04T14:24:13.484+05:30  INFO 10000 --- [SmartFold Laundry Management System] [    Test worker] .LaundryManagementSystemApplicationTests : No active profile set, falling back to 1 default profile: "default"
2026-01-04T14:24:13.771+05:30  INFO 10000 --- [SmartFold Laundry Management System] [    Test worker] .s.d.r.c.RepositoryConfigurationDelegate : Bootstrapping Spring Data JPA repositories in DEFAULT mode.
2026-01-04T14:24:13.797+05:30  INFO 10000 --- [SmartFold Laundry Management System] [    Test worker] .s.d.r.c.RepositoryConfigurationDelegate : Finished Spring Data repository scanning in 23 ms. Found 12 JPA repository interfaces.
2026-01-04T14:24:13.985+05:30  INFO 10000 --- [SmartFold Laundry Management System] [    Test worker] o.hibernate.jpa.internal.util.LogHelper  : HHH000204: Processing PersistenceUnitInfo [name: default]
2026-01-04T14:24:14.000+05:30  INFO 10000 --- [SmartFold Laundry Management System] [    Test worker] org.hibernate.Version                    : HHH000412: Hibernate ORM core version 6.6.29.Final
2026-01-04T14:24:14.010+05:30  INFO 10000 --- [SmartFold Laundry Management System] [    Test worker] o.h.c.internal.RegionFactoryInitiator    : HHH000026: Second-level cache disabled
2026-01-04T14:24:14.088+05:30  INFO 10000 --- [SmartFold Laundry Management System] [    Test worker] o.s.o.j.p.SpringPersistenceUnitInfo      : No LoadTimeWeaver setup: ignoring JPA class transformer
2026-01-04T14:24:14.098+05:30  INFO 10000 --- [SmartFold Laundry Management System] [    Test worker] com.zaxxer.hikari.HikariDataSource       : HikariPool-1 - Starting...
2026-01-04T14:24:14.152+05:30  INFO 10000 --- [SmartFold Laundry Management System] [    Test worker] com.zaxxer.hikari.pool.HikariPool        : HikariPool-1 - Added connection conn0: url=jdbc:h2:mem:lms user=SA
2026-01-04T14:24:14.153+05:30  INFO 10000 --- [SmartFold Laundry Management System] [    Test worker] com.zaxxer.hikari.HikariDataSource       : HikariPool-1 - Start completed.
2026-01-04T14:24:14.171+05:30  INFO 10000 --- [SmartFold Laundry Management System] [    Test worker] org.hibernate.orm.connections.pooling    : HHH10001005: Database info:
	Database JDBC URL [Connecting through datasource 'HikariDataSource (HikariPool-1)']
	Database driver: undefined/unknown
	Database version: 2.3.232
	Autocommit mode: undefined/unknown
	Isolation level: undefined/unknown
	Minimum pool size: undefined/unknown
	Maximum pool size: undefined/unknown
2026-01-04T14:24:14.506+05:30  INFO 10000 --- [SmartFold Laundry Management System] [    Test worker] o.h.e.t.j.p.i.JtaPlatformInitiator       : HHH000489: No JTA platform available (set 'hibernate.transaction.jta.platform' to enable JTA platform integration)
Hibernate: drop table if exists audit_logs cascade 
Hibernate: drop table if exists conversations cascade 
Hibernate: drop table if exists delivery_jobs cascade 
Hibernate: drop table if exists invoices cascade 
Hibernate: drop table if exists messages cascade 
Hibernate: drop table if exists order_items cascade 
Hibernate: drop table if exists orders cascade 
Hibernate: drop table if exists payments cascade 
Hibernate: drop table if exists pressing_category_prices cascade 
Hibernate: drop table if exists service_catalog cascade 
Hibernate: drop table if exists tasks cascade 
Hibernate: drop table if exists users cascade 
Hibernate: create table audit_logs (actor_user_id bigint not null, created_at timestamp(6) not null, entity_id bigint, id bigint generated by default as identity, action varchar(255) not null, after_json TEXT, before_json TEXT, entity_type varchar(255) not null, primary key (id))
Hibernate: create table conversations (closed_at timestamp(6), created_at timestamp(6) not null, customer_id bigint not null, id bigint generated by default as identity, order_id bigint, status enum ('CLOSED','OPEN') not null, primary key (id))
Hibernate: create table delivery_jobs (late_flag boolean not null, assigned_to_id bigint, created_at timestamp(6) not null, delivery_at timestamp(6) not null, id bigint generated by default as identity, order_id bigint not null, pickup_at timestamp(6) not null, updated_at timestamp(6), notes varchar(500), status enum ('CANCELLED','DELIVERED','IN_TRANSIT','LATE','PICKED_UP','SCHEDULED') not null, primary key (id))
Hibernate: create table invoices (amount numeric(38,2) not null, created_at timestamp(6) not null, id bigint generated by default as identity, issued_at timestamp(6) not null, order_id bigint not null, invoice_no varchar(255) not null unique, pdf_url varchar(255), primary key (id))
Hibernate: create table messages (from_user_id bigint not null, id bigint generated by default as identity, timestamp timestamp(6) not null, to_user_id bigint not null, body varchar(1000) not null, primary key (id))
Hibernate: create table order_items (item_count integer, line_total numeric(38,2) not null, quantity_kg float(53), unit_price numeric(38,2) not null, id bigint generated by default as identity, order_id bigint not null, category enum ('BEDSHEET','BLOUSE','COAT','CURTAIN','DRESS','JACKET','OTHER','SAREE','SHIRT','SKIRT','SUIT','TROUSER'), service_type enum ('DRY_CLEANING','EXPRESS_SERVICE','LAUNDRY_WASH_ONLY','PREMIUM_DELICATE_CARE','PRESSING_IRON_ONLY','WASH_AND_IRON') not null, unit enum ('CATEGORY_ITEM','ITEM','KG') not null, primary key (id))
Hibernate: create table orders (delivery_date date, pickup_date date, price numeric(38,2) not null, quantity float(53) not null, created_at timestamp(6) not null, customer_id bigint not null, id bigint generated by default as identity, paid_at timestamp(6) with time zone, notes varchar(1000), payment_method varchar(255), payment_status varchar(255), service_type varchar(255) not null, unit varchar(255) not null, status enum ('CANCELLED','DELIVERED','IN_PROGRESS','PENDING','READY') not null, primary key (id))
Hibernate: create table payments (amount_lkr numeric(38,2) not null, created_at timestamp(6) with time zone not null, id bigint generated by default as identity, order_id bigint not null, updated_at timestamp(6) with time zone not null, provider varchar(255), provider_ref varchar(255), method enum ('CARD','COD') not null, raw_payload_json clob, status enum ('FAILED','PAID','PENDING') not null, primary key (id))
Hibernate: create table pressing_category_prices (active boolean not null, price_per_item float(53) not null, id bigint generated by default as identity, category enum ('BEDSHEET','BLOUSE','COAT','CURTAIN','DRESS','JACKET','OTHER','SAREE','SHIRT','SKIRT','SUIT','TROUSER') not null unique, primary key (id))
Hibernate: create table service_catalog (active boolean not null, base_price float(53) not null, created_at timestamp(6) not null, id bigint generated by default as identity, updated_at timestamp(6), description varchar(500), name varchar(255) not null, service_type enum ('DRY_CLEANING','EXPRESS_SERVICE','LAUNDRY_WASH_ONLY','PREMIUM_DELICATE_CARE','PRESSING_IRON_ONLY','WASH_AND_IRON') not null, unit enum ('CATEGORY_ITEM','ITEM','KG') not null, primary key (id))
Hibernate: create table tasks (due_date date, price numeric(38,2) not null, created_at timestamp(6) not null, id bigint generated by default as identity, notes varchar(1000), assigned_to varchar(255), title varchar(255) not null, status enum ('CANCELLED','COMPLETED','IN_PROGRESS','PENDING') not null, primary key (id))
Hibernate: create table users (id bigint generated by default as identity, email varchar(255) not null unique, name varchar(255) not null, password varchar(255) not null, role enum ('ADMIN','CUSTOMER','CUSTOMER_SERVICE','DELIVERY_STAFF','FINANCE_STAFF','LAUNDRY_STAFF') not null, primary key (id))
Hibernate: alter table if exists audit_logs add constraint FK17vn8rhj6qver0naebk935vkk foreign key (actor_user_id) references users
Hibernate: alter table if exists conversations add constraint FKaim02rk3jmh6iu2532wid9ukn foreign key (customer_id) references users
Hibernate: alter table if exists conversations add constraint FKtdy4x7u71rhh9hg8qef6bfoh8 foreign key (order_id) references orders
Hibernate: alter table if exists delivery_jobs add constraint FKb80ea47c8p2uj9m5ac4tcywy foreign key (assigned_to_id) references users
Hibernate: alter table if exists delivery_jobs add constraint FK411w8hj2xys4rdtvy57k2g0nl foreign key (order_id) references orders
Hibernate: alter table if exists invoices add constraint FK4ko3y00tkkk2ya3p6wnefjj2f foreign key (order_id) references orders
Hibernate: alter table if exists messages add constraint FKms9o5dx3lfmikr6k8kyxi030e foreign key (from_user_id) references users
Hibernate: alter table if exists messages add constraint FK6y0sbofpv484p7yi78nr9hii1 foreign key (to_user_id) references users
Hibernate: alter table if exists order_items add constraint FKbioxgbv59vetrxe0ejfubep1w foreign key (order_id) references orders
Hibernate: alter table if exists orders add constraint FKsjfs85qf6vmcurlx43cnc16gy foreign key (customer_id) references users
2026-01-04T14:24:14.534+05:30  INFO 10000 --- [SmartFold Laundry Management System] [    Test worker] j.LocalContainerEntityManagerFactoryBean : Initialized JPA EntityManagerFactory for persistence unit 'default'
2026-01-04T14:24:14.802+05:30  INFO 10000 --- [SmartFold Laundry Management System] [    Test worker] o.s.d.j.r.query.QueryEnhancerFactory     : Hibernate is in classpath; If applicable, HQL parser will be used.
2026-01-04T14:24:15.197+05:30  WARN 10000 --- [SmartFold Laundry Management System] [    Test worker] JpaBaseConfiguration$JpaWebConfiguration : spring.jpa.open-in-view is enabled by default. Therefore, database queries may be performed during view rendering. Explicitly configure spring.jpa.open-in-view to disable this warning
2026-01-04T14:24:15.210+05:30  INFO 10000 --- [SmartFold Laundry Management System] [    Test worker] o.s.b.a.w.s.WelcomePageHandlerMapping    : Adding welcome page: class path resource [static/index.html]
2026-01-04T14:24:15.299+05:30  INFO 10000 --- [SmartFold Laundry Management System] [    Test worker] r$InitializeUserDetailsManagerConfigurer : Global AuthenticationManager configured with UserDetailsService bean with name customUserDetailsService
2026-01-04T14:24:15.469+05:30  INFO 10000 --- [SmartFold Laundry Management System] [    Test worker] o.s.b.a.h2.H2ConsoleAutoConfiguration    : H2 console available at '/h2-console'. Database available at 'jdbc:h2:mem:lms'
2026-01-04T14:24:15.523+05:30  INFO 10000 --- [SmartFold Laundry Management System] [    Test worker] .LaundryManagementSystemApplicationTests : Started LaundryManagementSystemApplicationTests in 2.121 seconds (process running for 2.458)
Hibernate: select count(*) from users u1_0
Hibernate: insert into service_catalog (active,base_price,created_at,description,name,service_type,unit,updated_at,id) values (?,?,?,?,?,?,?,?,default)
Hibernate: insert into service_catalog (active,base_price,created_at,description,name,service_type,unit,updated_at,id) values (?,?,?,?,?,?,?,?,default)
Hibernate: insert into service_catalog (active,base_price,created_at,description,name,service_type,unit,updated_at,id) values (?,?,?,?,?,?,?,?,default)
Hibernate: insert into service_catalog (active,base_price,created_at,description,name,service_type,unit,updated_at,id) values (?,?,?,?,?,?,?,?,default)
Hibernate: insert into service_catalog (active,base_price,created_at,description,name,service_type,unit,updated_at,id) values (?,?,?,?,?,?,?,?,default)
Hibernate: insert into service_catalog (active,base_price,created_at,description,name,service_type,unit,updated_at,id) values (?,?,?,?,?,?,?,?,default)
Hibernate: insert into pressing_category_prices (active,category,price_per_item,id) values (?,?,?,default)
Hibernate: insert into pressing_category_prices (active,category,price_per_item,id) values (?,?,?,default)
Hibernate: insert into pressing_category_prices (active,category,price_per_item,id) values (?,?,?,default)
Hibernate: insert into pressing_category_prices (active,category,price_per_item,id) values (?,?,?,default)
Hibernate: insert into pressing_category_prices (active,category,price_per_item,id) values (?,?,?,default)
Hibernate: insert into pressing_category_prices (active,category,price_per_item,id) values (?,?,?,default)
Hibernate: insert into pressing_category_prices (active,category,price_per_item,id) values (?,?,?,default)
Hibernate: insert into pressing_category_prices (active,category,price_per_item,id) values (?,?,?,default)
Hibernate: insert into pressing_category_prices (active,category,price_per_item,id) values (?,?,?,default)
Hibernate: insert into pressing_category_prices (active,category,price_per_item,id) values (?,?,?,default)
Hibernate: insert into pressing_category_prices (active,category,price_per_item,id) values (?,?,?,default)
Hibernate: insert into pressing_category_prices (active,category,price_per_item,id) values (?,?,?,default)
Hibernate: insert into users (email,name,password,role,id) values (?,?,?,?,default)
Hibernate: insert into users (email,name,password,role,id) values (?,?,?,?,default)
Hibernate: insert into users (email,name,password,role,id) values (?,?,?,?,default)
Hibernate: insert into users (email,name,password,role,id) values (?,?,?,?,default)
Hibernate: insert into users (email,name,password,role,id) values (?,?,?,?,default)
Hibernate: insert into users (email,name,password,role,id) values (?,?,?,?,default)
Hibernate: insert into users (email,name,password,role,id) values (?,?,?,?,default)
Hibernate: insert into users (email,name,password,role,id) values (?,?,?,?,default)
Hibernate: insert into users (email,name,password,role,id) values (?,?,?,?,default)
Hibernate: insert into orders (created_at,customer_id,delivery_date,notes,paid_at,payment_method,payment_status,pickup_date,price,quantity,service_type,status,unit,id) values (?,?,?,?,?,?,?,?,?,?,?,?,?,default)
Hibernate: insert into orders (created_at,customer_id,delivery_date,notes,paid_at,payment_method,payment_status,pickup_date,price,quantity,service_type,status,unit,id) values (?,?,?,?,?,?,?,?,?,?,?,?,?,default)
Hibernate: insert into orders (created_at,customer_id,delivery_date,notes,paid_at,payment_method,payment_status,pickup_date,price,quantity,service_type,status,unit,id) values (?,?,?,?,?,?,?,?,?,?,?,?,?,default)
Hibernate: insert into orders (created_at,customer_id,delivery_date,notes,paid_at,payment_method,payment_status,pickup_date,price,quantity,service_type,status,unit,id) values (?,?,?,?,?,?,?,?,?,?,?,?,?,default)
Hibernate: insert into orders (created_at,customer_id,delivery_date,notes,paid_at,payment_method,payment_status,pickup_date,price,quantity,service_type,status,unit,id) values (?,?,?,?,?,?,?,?,?,?,?,?,?,default)
Hibernate: insert into orders (created_at,customer_id,delivery_date,notes,paid_at,payment_method,payment_status,pickup_date,price,quantity,service_type,status,unit,id) values (?,?,?,?,?,?,?,?,?,?,?,?,?,default)
Hibernate: insert into orders (created_at,customer_id,delivery_date,notes,paid_at,payment_method,payment_status,pickup_date,price,quantity,service_type,status,unit,id) values (?,?,?,?,?,?,?,?,?,?,?,?,?,default)
Hibernate: insert into orders (created_at,customer_id,delivery_date,notes,paid_at,payment_method,payment_status,pickup_date,price,quantity,service_type,status,unit,id) values (?,?,?,?,?,?,?,?,?,?,?,?,?,default)
Hibernate: insert into orders (created_at,customer_id,delivery_date,notes,paid_at,payment_method,payment_status,pickup_date,price,quantity,service_type,status,unit,id) values (?,?,?,?,?,?,?,?,?,?,?,?,?,default)
Hibernate: insert into orders (created_at,customer_id,delivery_date,notes,paid_at,payment_method,payment_status,pickup_date,price,quantity,service_type,status,unit,id) values (?,?,?,?,?,?,?,?,?,?,?,?,?,default)
Hibernate: insert into tasks (assigned_to,created_at,due_date,notes,price,status,title,id) values (?,?,?,?,?,?,?,default)
Hibernate: insert into tasks (assigned_to,created_at,due_date,notes,price,status,title,id) values (?,?,?,?,?,?,?,default)
Hibernate: insert into tasks (assigned_to,created_at,due_date,notes,price,status,title,id) values (?,?,?,?,?,?,?,default)
Hibernate: insert into tasks (assigned_to,created_at,due_date,notes,price,status,title,id) values (?,?,?,?,?,?,?,default)
Hibernate: insert into tasks (assigned_to,created_at,due_date,notes,price,status,title,id) values (?,?,?,?,?,?,?,default)
Hibernate: insert into tasks (assigned_to,created_at,due_date,notes,price,status,title,id) values (?,?,?,?,?,?,?,default)
Hibernate: insert into tasks (assigned_to,created_at,due_date,notes,price,status,title,id) values (?,?,?,?,?,?,?,default)
Hibernate: insert into tasks (assigned_to,created_at,due_date,notes,price,status,title,id) values (?,?,?,?,?,?,?,default)
Hibernate: insert into tasks (assigned_to,created_at,due_date,notes,price,status,title,id) values (?,?,?,?,?,?,?,default)
Hibernate: insert into tasks (assigned_to,created_at,due_date,notes,price,status,title,id) values (?,?,?,?,?,?,?,default)
Hibernate: insert into tasks (assigned_to,created_at,due_date,notes,price,status,title,id) values (?,?,?,?,?,?,?,default)
Hibernate: insert into tasks (assigned_to,created_at,due_date,notes,price,status,title,id) values (?,?,?,?,?,?,?,default)
Hibernate: insert into payments (amount_lkr,created_at,method,order_id,provider,provider_ref,raw_payload_json,status,updated_at,id) values (?,?,?,?,?,?,?,?,?,default)
Hibernate: insert into payments (amount_lkr,created_at,method,order_id,provider,provider_ref,raw_payload_json,status,updated_at,id) values (?,?,?,?,?,?,?,?,?,default)
Hibernate: insert into payments (amount_lkr,created_at,method,order_id,provider,provider_ref,raw_payload_json,status,updated_at,id) values (?,?,?,?,?,?,?,?,?,default)
Hibernate: insert into payments (amount_lkr,created_at,method,order_id,provider,provider_ref,raw_payload_json,status,updated_at,id) values (?,?,?,?,?,?,?,?,?,default)
Hibernate: insert into payments (amount_lkr,created_at,method,order_id,provider,provider_ref,raw_payload_json,status,updated_at,id) values (?,?,?,?,?,?,?,?,?,default)
Hibernate: insert into payments (amount_lkr,created_at,method,order_id,provider,provider_ref,raw_payload_json,status,updated_at,id) values (?,?,?,?,?,?,?,?,?,default)
Hibernate: insert into payments (amount_lkr,created_at,method,order_id,provider,provider_ref,raw_payload_json,status,updated_at,id) values (?,?,?,?,?,?,?,?,?,default)
Hibernate: insert into payments (amount_lkr,created_at,method,order_id,provider,provider_ref,raw_payload_json,status,updated_at,id) values (?,?,?,?,?,?,?,?,?,default)
Hibernate: insert into messages (body,from_user_id,timestamp,to_user_id,id) values (?,?,?,?,default)
Hibernate: insert into messages (body,from_user_id,timestamp,to_user_id,id) values (?,?,?,?,default)
Hibernate: insert into messages (body,from_user_id,timestamp,to_user_id,id) values (?,?,?,?,default)
Hibernate: insert into messages (body,from_user_id,timestamp,to_user_id,id) values (?,?,?,?,default)
Hibernate: insert into messages (body,from_user_id,timestamp,to_user_id,id) values (?,?,?,?,default)
Hibernate: insert into messages (body,from_user_id,timestamp,to_user_id,id) values (?,?,?,?,default)
Hibernate: insert into messages (body,from_user_id,timestamp,to_user_id,id) values (?,?,?,?,default)
Hibernate: insert into messages (body,from_user_id,timestamp,to_user_id,id) values (?,?,?,?,default)
Hibernate: insert into messages (body,from_user_id,timestamp,to_user_id,id) values (?,?,?,?,default)
Hibernate: insert into messages (body,from_user_id,timestamp,to_user_id,id) values (?,?,?,?,default)
Hibernate: insert into messages (body,from_user_id,timestamp,to_user_id,id) values (?,?,?,?,default)
Hibernate: insert into messages (body,from_user_id,timestamp,to_user_id,id) values (?,?,?,?,default)
Hibernate: insert into messages (body,from_user_id,timestamp,to_user_id,id) values (?,?,?,?,default)
Hibernate: insert into messages (body,from_user_id,timestamp,to_user_id,id) values (?,?,?,?,default)
Hibernate: insert into messages (body,from_user_id,timestamp,to_user_id,id) values (?,?,?,?,default)
Hibernate: insert into messages (body,from_user_id,timestamp,to_user_id,id) values (?,?,?,?,default)
Hibernate: insert into messages (body,from_user_id,timestamp,to_user_id,id) values (?,?,?,?,default)
Hibernate: insert into messages (body,from_user_id,timestamp,to_user_id,id) values (?,?,?,?,default)
Hibernate: insert into messages (body,from_user_id,timestamp,to_user_id,id) values (?,?,?,?,default)
Hibernate: insert into messages (body,from_user_id,timestamp,to_user_id,id) values (?,?,?,?,default)
Hibernate: insert into messages (body,from_user_id,timestamp,to_user_id,id) values (?,?,?,?,default)
Hibernate: insert into messages (body,from_user_id,timestamp,to_user_id,id) values (?,?,?,?,default)
Hibernate: insert into messages (body,from_user_id,timestamp,to_user_id,id) values (?,?,?,?,default)
Hibernate: insert into messages (body,from_user_id,timestamp,to_user_id,id) values (?,?,?,?,default)
==================================================
Database seeding completed!
==================================================
Users created with roles:
  ADMIN:            admin@smartfold.lk / admin123
  CUSTOMER:         customer@test.lk / pass123
  LAUNDRY_STAFF:    laundry@smartfold.lk / staff123
  DELIVERY_STAFF:   delivery@smartfold.lk / staff123
  FINANCE_STAFF:    finance@smartfold.lk / staff123
  CUSTOMER_SERVICE: support@smartfold.lk / staff123
==================================================
]]></system-out>
  <system-err><![CDATA[]]></system-err>
</testsuite>
